<?xml version="1.0" encoding="UTF-8"?>
<!-- Generated by org.testng.reporters.JUnitXMLReporter -->
<testsuite ignored="0" hostname="shankar" failures="0" tests="2" name="Default test" time="89.964" errors="0" timestamp="17 Nov 2021 05:09:02 GMT">
  <testcase classname="com.shadi.qa.tests.RegistrationBasicDetailsPageTest" name="gujaratiCommunityTest" time="36.7"/>
  <testcase classname="com.shadi.qa.tests.RegistrationBasicDetailsPageTest" name="marathiCommunityTest" time="40.789"/>
</testsuite> <!-- Default test -->
