<?xml version="1.0" encoding="UTF-8"?>
<testng-results ignored="0" total="2" passed="2" failed="0" skipped="0">
  <reporter-output>
  </reporter-output>
  <suite started-at="2021-11-17T05:07:32Z" name="Default suite" finished-at="2021-11-17T05:09:02Z" duration-ms="89964">
    <groups>
    </groups>
    <test started-at="2021-11-17T05:07:32Z" name="Default test" finished-at="2021-11-17T05:09:02Z" duration-ms="89964">
      <class name="com.shadi.qa.tests.RegistrationBasicDetailsPageTest">
        <test-method is-config="true" signature="setUp()[pri:0, instance:com.shadi.qa.tests.RegistrationBasicDetailsPageTest@1984b1f]" started-at="2021-11-17T05:07:32Z" name="setUp" finished-at="2021-11-17T05:07:37Z" duration-ms="4410" status="PASS">
          <reporter-output>
          </reporter-output>
        </test-method> <!-- setUp -->
        <test-method signature="gujaratiCommunityTest()[pri:0, instance:com.shadi.qa.tests.RegistrationBasicDetailsPageTest@1984b1f]" started-at="2021-11-17T05:07:37Z" name="gujaratiCommunityTest" finished-at="2021-11-17T05:08:14Z" duration-ms="36700" status="PASS">
          <reporter-output>
          </reporter-output>
        </test-method> <!-- gujaratiCommunityTest -->
        <test-method is-config="true" signature="tearDown()[pri:0, instance:com.shadi.qa.tests.RegistrationBasicDetailsPageTest@1984b1f]" started-at="2021-11-17T05:08:14Z" name="tearDown" finished-at="2021-11-17T05:08:16Z" duration-ms="2091" status="PASS">
          <reporter-output>
          </reporter-output>
        </test-method> <!-- tearDown -->
        <test-method is-config="true" signature="setUp()[pri:0, instance:com.shadi.qa.tests.RegistrationBasicDetailsPageTest@1984b1f]" started-at="2021-11-17T05:08:16Z" name="setUp" finished-at="2021-11-17T05:08:20Z" duration-ms="3856" status="PASS">
          <reporter-output>
          </reporter-output>
        </test-method> <!-- setUp -->
        <test-method signature="marathiCommunityTest()[pri:0, instance:com.shadi.qa.tests.RegistrationBasicDetailsPageTest@1984b1f]" started-at="2021-11-17T05:08:20Z" name="marathiCommunityTest" finished-at="2021-11-17T05:09:00Z" duration-ms="40789" status="PASS">
          <reporter-output>
          </reporter-output>
        </test-method> <!-- marathiCommunityTest -->
        <test-method is-config="true" signature="tearDown()[pri:0, instance:com.shadi.qa.tests.RegistrationBasicDetailsPageTest@1984b1f]" started-at="2021-11-17T05:09:00Z" name="tearDown" finished-at="2021-11-17T05:09:02Z" duration-ms="2080" status="PASS">
          <reporter-output>
          </reporter-output>
        </test-method> <!-- tearDown -->
      </class> <!-- com.shadi.qa.tests.RegistrationBasicDetailsPageTest -->
    </test> <!-- Default test -->
  </suite> <!-- Default suite -->
</testng-results>
