<?xml version="1.0" encoding="UTF-8"?>
<testng-results ignored="0" total="1" passed="1" failed="0" skipped="0">
  <reporter-output>
  </reporter-output>
  <suite started-at="2021-11-16T12:57:43Z" name="Default suite" finished-at="2021-11-16T12:57:54Z" duration-ms="10675">
    <groups>
    </groups>
    <test started-at="2021-11-16T12:57:43Z" name="Default test" finished-at="2021-11-16T12:57:54Z" duration-ms="10675">
      <class name="com.shadi.qa.tests.RegistrationBasicDetailsPageTest">
        <test-method is-config="true" signature="setUp()[pri:0, instance:com.shadi.qa.tests.RegistrationBasicDetailsPageTest@1efe439d]" started-at="2021-11-16T12:57:43Z" name="setUp" finished-at="2021-11-16T12:57:49Z" duration-ms="5617" status="PASS">
          <reporter-output>
          </reporter-output>
        </test-method> <!-- setUp -->
        <test-method signature="communityTest()[pri:0, instance:com.shadi.qa.tests.RegistrationBasicDetailsPageTest@1efe439d]" started-at="2021-11-16T12:57:49Z" name="communityTest" finished-at="2021-11-16T12:57:54Z" duration-ms="5000" status="PASS">
          <reporter-output>
          </reporter-output>
        </test-method> <!-- communityTest -->
        <test-method is-config="true" signature="tearDown()[pri:0, instance:com.shadi.qa.tests.RegistrationBasicDetailsPageTest@1efe439d]" started-at="2021-11-16T12:57:54Z" name="tearDown" finished-at="2021-11-16T12:57:54Z" duration-ms="0" status="PASS">
          <reporter-output>
          </reporter-output>
        </test-method> <!-- tearDown -->
      </class> <!-- com.shadi.qa.tests.RegistrationBasicDetailsPageTest -->
    </test> <!-- Default test -->
  </suite> <!-- Default suite -->
</testng-results>
