<?xml version="1.0" encoding="UTF-8"?>
<!-- Generated by org.testng.reporters.JUnitXMLReporter -->
<testsuite ignored="0" hostname="shankar" failures="0" tests="1" name="Test Assignment Test Cases" time="0.083" errors="0" timestamp="16 Nov 2021 11:17:22 GMT">
  <testcase classname="com.shadi.qa.tests.RegistrationBasicDetailsPageTest" name="@BeforeMethod setUp" time="0.0">
    <failure type="org.testng.TestNGException" message="
Can inject only one of &amp;lt;ITestContext, XmlTest, Method, Object[], ITestResult&amp;gt; into a @BeforeMethod annotated setUp.
For more information on native dependency injection please refer to http://testng.org/doc/documentation-main.html#native-dependency-injection">
      <![CDATA[org.testng.TestNGException: 
Can inject only one of <ITestContext, XmlTest, Method, Object[], ITestResult> into a @BeforeMethod annotated setUp.
For more information on native dependency injection please refer to http://testng.org/doc/documentation-main.html#native-dependency-injection
... Removed 25 stack frames]]>
    </failure>
  </testcase> <!-- @BeforeMethod setUp -->
  <testcase classname="com.shadi.qa.tests.RegistrationBasicDetailsPageTest" name="@AfterMethod tearDown" time="0.0">
    <skipped/>
  </testcase> <!-- @AfterMethod tearDown -->
  <testcase classname="com.shadi.qa.tests.RegistrationBasicDetailsPageTest" name="tearDown" time="0.0">
    <skipped/>
  </testcase> <!-- tearDown -->
</testsuite> <!-- Test Assignment Test Cases -->
